

Version:	3.12
CmdLine:	C:\choi\Java II\day06\3_dist\ui.exe --l4j-debug
WOW64:		yes
Working dir:	C:\choi\Java II\day06\3_dist\.
Java min ver:	1.005.000
Java max ver:	
64-bit search:	SOFTWARE\JavaSoft\Java Runtime Environment...
Check:		SOFTWARE\JavaSoft\Java Runtime Environment\1.8
Check launcher:	C:\Program Files\Java\jre1.8.0_271\bin\javaw.exe (OK)
Match:		1.008.000
Check:		SOFTWARE\JavaSoft\Java Runtime Environment\1.8.0_271
Check launcher:	C:\Program Files\Java\jre1.8.0_271\bin\javaw.exe (OK)
Match:		1.008.000_271
64-bit search:	SOFTWARE\JavaSoft\Java Development Kit...
Check:		SOFTWARE\JavaSoft\Java Development Kit\1.8
Ignore:		1.008.000
Check:		SOFTWARE\JavaSoft\Java Development Kit\1.8.0_271
Ignore:		1.008.000_271
64-bit search:	SOFTWARE\JavaSoft\JRE...
64-bit search:	SOFTWARE\JavaSoft\JDK...
Runtime used:	1.008.000_271 (64-bit)
Main class:	soo.ui.test.B
Info:		Classpath not defined.
Launcher:	C:\Program Files\Java\jre1.8.0_271\bin\javaw.exe
Launcher args:	-classpath "C:\choi\Java II\day06\3_dist\ui.exe" soo.ui.test.B
Args length:	62/32768 chars
Exit code:	0


Version:	3.12
CmdLine:	C:\choi\Java II\day06\3_dist\ui.exe --l4j-debug
WOW64:		yes
Working dir:	C:\choi\Java II\day06\3_dist\.
Java min ver:	1.005.000
Java max ver:	
64-bit search:	SOFTWARE\JavaSoft\Java Runtime Environment...
Check:		SOFTWARE\JavaSoft\Java Runtime Environment\1.8
Check launcher:	C:\Program Files\Java\jre1.8.0_271\bin\javaw.exe (OK)
Match:		1.008.000
Check:		SOFTWARE\JavaSoft\Java Runtime Environment\1.8.0_271
Check launcher:	C:\Program Files\Java\jre1.8.0_271\bin\javaw.exe (OK)
Match:		1.008.000_271
64-bit search:	SOFTWARE\JavaSoft\Java Development Kit...
Check:		SOFTWARE\JavaSoft\Java Development Kit\1.8
Ignore:		1.008.000
Check:		SOFTWARE\JavaSoft\Java Development Kit\1.8.0_271
Ignore:		1.008.000_271
64-bit search:	SOFTWARE\JavaSoft\JRE...
64-bit search:	SOFTWARE\JavaSoft\JDK...
Runtime used:	1.008.000_271 (64-bit)
Main class:	soo.ui.test.B
Info:		Classpath not defined.
Launcher:	C:\Program Files\Java\jre1.8.0_271\bin\javaw.exe
Launcher args:	-classpath "C:\choi\Java II\day06\3_dist\ui.exe" soo.ui.test.B
Args length:	62/32768 chars
Exit code:	0


Version:	3.12
CmdLine:	C:\choi\Java II\day06\3_dist\ui.exe --l4j-debug
WOW64:		yes
Working dir:	C:\choi\Java II\day06\3_dist\.
Java min ver:	1.005.000
Java max ver:	
64-bit search:	SOFTWARE\JavaSoft\Java Runtime Environment...
Check:		SOFTWARE\JavaSoft\Java Runtime Environment\1.8
Check launcher:	C:\Program Files\Java\jre1.8.0_271\bin\javaw.exe (OK)
Match:		1.008.000
Check:		SOFTWARE\JavaSoft\Java Runtime Environment\1.8.0_271
Check launcher:	C:\Program Files\Java\jre1.8.0_271\bin\javaw.exe (OK)
Match:		1.008.000_271
64-bit search:	SOFTWARE\JavaSoft\Java Development Kit...
Check:		SOFTWARE\JavaSoft\Java Development Kit\1.8
Ignore:		1.008.000
Check:		SOFTWARE\JavaSoft\Java Development Kit\1.8.0_271
Ignore:		1.008.000_271
64-bit search:	SOFTWARE\JavaSoft\JRE...
64-bit search:	SOFTWARE\JavaSoft\JDK...
Runtime used:	1.008.000_271 (64-bit)
Main class:	C:\choi\Java II\day06\2_classes\soo\ui\test
Info:		Classpath not defined.
Launcher:	C:\Program Files\Java\jre1.8.0_271\bin\javaw.exe
Launcher args:	-classpath "C:\choi\Java II\day06\3_dist\ui.exe" C:\choi\Java II\day06\2_classes\soo\ui\test
Args length:	92/32768 chars
Exit code:	0


Version:	3.12
CmdLine:	C:\choi\Java II\day06\3_dist\ui.exe --l4j-debug
WOW64:		yes
Working dir:	C:\choi\Java II\day06\3_dist\.
Java min ver:	1.005.000
Java max ver:	
64-bit search:	SOFTWARE\JavaSoft\Java Runtime Environment...
Check:		SOFTWARE\JavaSoft\Java Runtime Environment\1.8
Check launcher:	C:\Program Files\Java\jre1.8.0_271\bin\javaw.exe (OK)
Match:		1.008.000
Check:		SOFTWARE\JavaSoft\Java Runtime Environment\1.8.0_271
Check launcher:	C:\Program Files\Java\jre1.8.0_271\bin\javaw.exe (OK)
Match:		1.008.000_271
64-bit search:	SOFTWARE\JavaSoft\Java Development Kit...
Check:		SOFTWARE\JavaSoft\Java Development Kit\1.8
Ignore:		1.008.000
Check:		SOFTWARE\JavaSoft\Java Development Kit\1.8.0_271
Ignore:		1.008.000_271
64-bit search:	SOFTWARE\JavaSoft\JRE...
64-bit search:	SOFTWARE\JavaSoft\JDK...
Runtime used:	1.008.000_271 (64-bit)
Main class:	C:\choi\Java II\day06\2_classes\soo\ui\test
Info:		Classpath not defined.
Launcher:	C:\Program Files\Java\jre1.8.0_271\bin\javaw.exe
Launcher args:	-classpath "C:\choi\Java II\day06\3_dist\ui.exe" C:\choi\Java II\day06\2_classes\soo\ui\test
Args length:	92/32768 chars
Exit code:	0


Version:	3.12
CmdLine:	C:\choi\Java II\day06\3_dist\ui.exe --l4j-debug
WOW64:		yes
Working dir:	C:\choi\Java II\day06\3_dist\.
Java min ver:	1.005.000
Java max ver:	
64-bit search:	SOFTWARE\JavaSoft\Java Runtime Environment...
Check:		SOFTWARE\JavaSoft\Java Runtime Environment\1.8
Check launcher:	C:\Program Files\Java\jre1.8.0_271\bin\javaw.exe (OK)
Match:		1.008.000
Check:		SOFTWARE\JavaSoft\Java Runtime Environment\1.8.0_271
Check launcher:	C:\Program Files\Java\jre1.8.0_271\bin\javaw.exe (OK)
Match:		1.008.000_271
64-bit search:	SOFTWARE\JavaSoft\Java Development Kit...
Check:		SOFTWARE\JavaSoft\Java Development Kit\1.8
Ignore:		1.008.000
Check:		SOFTWARE\JavaSoft\Java Development Kit\1.8.0_271
Ignore:		1.008.000_271
64-bit search:	SOFTWARE\JavaSoft\JRE...
64-bit search:	SOFTWARE\JavaSoft\JDK...
Runtime used:	1.008.000_271 (64-bit)
Main class:	C:\choi\Java II\day06\2_classes\soo\ui\test
Info:		Classpath not defined.
Launcher:	C:\Program Files\Java\jre1.8.0_271\bin\javaw.exe
Launcher args:	-classpath "C:\choi\Java II\day06\3_dist\ui.exe" C:\choi\Java II\day06\2_classes\soo\ui\test
Args length:	92/32768 chars
Exit code:	0


Version:	3.12
CmdLine:	C:\choi\Java II\day06\3_dist\ui.exe --l4j-debug
WOW64:		yes
Working dir:	C:\choi\Java II\day06\3_dist\.
Java min ver:	1.005.000
Java max ver:	
64-bit search:	SOFTWARE\JavaSoft\Java Runtime Environment...
Check:		SOFTWARE\JavaSoft\Java Runtime Environment\1.8
Check launcher:	C:\Program Files\Java\jre1.8.0_271\bin\javaw.exe (OK)
Match:		1.008.000
Check:		SOFTWARE\JavaSoft\Java Runtime Environment\1.8.0_271
Check launcher:	C:\Program Files\Java\jre1.8.0_271\bin\javaw.exe (OK)
Match:		1.008.000_271
64-bit search:	SOFTWARE\JavaSoft\Java Development Kit...
Check:		SOFTWARE\JavaSoft\Java Development Kit\1.8
Ignore:		1.008.000
Check:		SOFTWARE\JavaSoft\Java Development Kit\1.8.0_271
Ignore:		1.008.000_271
64-bit search:	SOFTWARE\JavaSoft\JRE...
64-bit search:	SOFTWARE\JavaSoft\JDK...
Runtime used:	1.008.000_271 (64-bit)
Main class:	C:\choi\Java II\day06\3_dist
Info:		Classpath not defined.
Launcher:	C:\Program Files\Java\jre1.8.0_271\bin\javaw.exe
Launcher args:	-classpath "C:\choi\Java II\day06\3_dist\ui.exe" C:\choi\Java II\day06\3_dist
Args length:	77/32768 chars
Exit code:	0


Version:	3.12
CmdLine:	C:\choi\Java II\day06\3_dist\ui.exe --l4j-debug
WOW64:		yes
Working dir:	C:\choi\Java II\day06\3_dist\.
Java min ver:	1.005.000
Java max ver:	
64-bit search:	SOFTWARE\JavaSoft\Java Runtime Environment...
Check:		SOFTWARE\JavaSoft\Java Runtime Environment\1.8
Check launcher:	C:\Program Files\Java\jre1.8.0_271\bin\javaw.exe (OK)
Match:		1.008.000
Check:		SOFTWARE\JavaSoft\Java Runtime Environment\1.8.0_271
Check launcher:	C:\Program Files\Java\jre1.8.0_271\bin\javaw.exe (OK)
Match:		1.008.000_271
64-bit search:	SOFTWARE\JavaSoft\Java Development Kit...
Check:		SOFTWARE\JavaSoft\Java Development Kit\1.8
Ignore:		1.008.000
Check:		SOFTWARE\JavaSoft\Java Development Kit\1.8.0_271
Ignore:		1.008.000_271
64-bit search:	SOFTWARE\JavaSoft\JRE...
64-bit search:	SOFTWARE\JavaSoft\JDK...
Runtime used:	1.008.000_271 (64-bit)
Main class:	C:\choi\Java II\day06\3_dist
Info:		Classpath not defined.
Launcher:	C:\Program Files\Java\jre1.8.0_271\bin\javaw.exe
Launcher args:	-classpath "C:\choi\Java II\day06\3_dist\ui.exe" C:\choi\Java II\day06\3_dist
Args length:	77/32768 chars
Exit code:	0


Version:	3.12
CmdLine:	C:\choi\Java II\day06\3_dist\ui.exe --l4j-debug
WOW64:		yes
Working dir:	C:\choi\Java II\day06\3_dist\.
Java min ver:	1.005.000
Java max ver:	
64-bit search:	SOFTWARE\JavaSoft\Java Runtime Environment...
Check:		SOFTWARE\JavaSoft\Java Runtime Environment\1.8
Check launcher:	C:\Program Files\Java\jre1.8.0_271\bin\javaw.exe (OK)
Match:		1.008.000
Check:		SOFTWARE\JavaSoft\Java Runtime Environment\1.8.0_271
Check launcher:	C:\Program Files\Java\jre1.8.0_271\bin\javaw.exe (OK)
Match:		1.008.000_271
64-bit search:	SOFTWARE\JavaSoft\Java Development Kit...
Check:		SOFTWARE\JavaSoft\Java Development Kit\1.8
Ignore:		1.008.000
Check:		SOFTWARE\JavaSoft\Java Development Kit\1.8.0_271
Ignore:		1.008.000_271
64-bit search:	SOFTWARE\JavaSoft\JRE...
64-bit search:	SOFTWARE\JavaSoft\JDK...
Runtime used:	1.008.000_271 (64-bit)
Main class:	C:\choi\Java II\day06\3_dist
Info:		Classpath not defined.
Launcher:	C:\Program Files\Java\jre1.8.0_271\bin\javaw.exe
Launcher args:	-classpath "C:\choi\Java II\day06\3_dist\ui.exe" C:\choi\Java II\day06\3_dist
Args length:	77/32768 chars
Exit code:	0


Version:	3.12
CmdLine:	C:\choi\Java II\day06\3_dist\ui.exe --l4j-debug
WOW64:		yes
Working dir:	C:\choi\Java II\day06\3_dist\.
Java min ver:	1.005.000
Java max ver:	
64-bit search:	SOFTWARE\JavaSoft\Java Runtime Environment...
Check:		SOFTWARE\JavaSoft\Java Runtime Environment\1.8
Check launcher:	C:\Program Files\Java\jre1.8.0_271\bin\javaw.exe (OK)
Match:		1.008.000
Check:		SOFTWARE\JavaSoft\Java Runtime Environment\1.8.0_271
Check launcher:	C:\Program Files\Java\jre1.8.0_271\bin\javaw.exe (OK)
Match:		1.008.000_271
64-bit search:	SOFTWARE\JavaSoft\Java Development Kit...
Check:		SOFTWARE\JavaSoft\Java Development Kit\1.8
Ignore:		1.008.000
Check:		SOFTWARE\JavaSoft\Java Development Kit\1.8.0_271
Ignore:		1.008.000_271
64-bit search:	SOFTWARE\JavaSoft\JRE...
64-bit search:	SOFTWARE\JavaSoft\JDK...
Runtime used:	1.008.000_271 (64-bit)
Main class:	soo.ui.test.B
Info:		Classpath not defined.
Launcher:	C:\Program Files\Java\jre1.8.0_271\bin\javaw.exe
Launcher args:	-classpath "C:\choi\Java II\day06\3_dist\ui.exe" soo.ui.test.B
Args length:	62/32768 chars
Exit code:	0
